<?xml version="1.0" encoding="UTF-8" standalone="yes"?>
<testsuites name="TestSuite1" time="12" tests="1" failures="0" errors="0">
    <testsuite name="TestSuite1" tests="1" failures="0" errors="0" time="12" timestamp="2019-07-23 20:19:42" hostname="Administrator - EC2AMAZ-NDM7R0M" id="Test Suites/Day2/TestSuite1">
        <properties>
            <property name="deviceName" value=""/>
            <property name="devicePlatform" value=""/>
            <property name="logFolder" value="E:\\Desktop\\Projects\\KatalonStudio\\2019\\TrainingProject_July2019\\Reports\\Day2\\TestSuite1\\20190723_201938"/>
            <property name="logFiles" value="E:\\Desktop\\Projects\\KatalonStudio\\2019\\TrainingProject_July2019\\Reports\\Day2\\TestSuite1\\20190723_201938\\execution0.log"/>
            <property name="attachments" value=""/>
            <property name="hostName" value="Administrator - EC2AMAZ-NDM7R0M"/>
            <property name="os" value="Windows Server 2016 64bit"/>
            <property name="katalonVersion" value="6.2.2.4"/>
            <property name="browser" value="Chrome 75.0.3770.142"/>
            <property name="hostAddress" value="172.20.128.1"/>
            <property name="sessionId" value="7a62851f1a566c995f1a8761b7c57197"/>
            <property name="seleniumVersion" value="3.141.59"/>
            <property name="proxyInformation" value="ProxyInformation{proxyOption=NO_PROXY, proxyServerType=HTTP, password=, proxyServerAddress=, proxyServerPort=0}"/>
            <property name="platform" value="Windows Server 2016"/>
        </properties>
        <testcase name="Test Cases/Day2/Test1" classname="Test Cases/Day2/Test1" status="PASSED">
            <system-out>2019-07-23 20:19:42 - [TEST_CASE][PASSED] - Test Cases/Day2/Test1: Test Cases/Day2/Test1&#xD;
&#xD;
2019-07-23 20:19:43 - [TEST_STEP][PASSED] - openBrowser(""): Browser is opened with url: ''&#xD;
&#xD;
2019-07-23 20:19:43 - [MESSAGE][INFO] - Starting 'Chrome' driver&#xD;
&#xD;
2019-07-23 20:19:43 - [MESSAGE][INFO] - Action delay is set to 0 seconds&#xD;
&#xD;
2019-07-23 20:19:46 - [MESSAGE][PASSED] - Browser is opened with url: ''&#xD;
&#xD;
2019-07-23 20:19:46 - [TEST_STEP][PASSED] - navigateToUrl("https://opensource-demo.orangehrmlive.com/"): Navigate to 'https://opensource-demo.orangehrmlive.com/' successfully&#xD;
&#xD;
2019-07-23 20:19:48 - [MESSAGE][PASSED] - Navigate to 'https://opensource-demo.orangehrmlive.com/' successfully&#xD;
&#xD;
2019-07-23 20:19:48 - [TEST_STEP][PASSED] - setText(findTestObject("Object Repository/Page_OrangeHRM/input_LOGIN Panel_txtUsername"), "Admin"): Text 'Admin' is set on object 'Object Repository/Page_OrangeHRM/input_LOGIN Panel_txtUsername'&#xD;
&#xD;
2019-07-23 20:19:48 - [MESSAGE][PASSED] - Text 'Admin' is set on object 'Object Repository/Page_OrangeHRM/input_LOGIN Panel_txtUsername'&#xD;
&#xD;
2019-07-23 20:19:48 - [TEST_STEP][PASSED] - setEncryptedText(findTestObject("Object Repository/Page_OrangeHRM/input_Username_txtPassword"), "hUKwJTbofgPU9eVlw/CnDQ=="): Text ****** has been set on object 'Object Repository/Page_OrangeHRM/input_Username_txtPassword'&#xD;
&#xD;
2019-07-23 20:19:49 - [MESSAGE][PASSED] - Text ****** has been set on object 'Object Repository/Page_OrangeHRM/input_Username_txtPassword'&#xD;
&#xD;
2019-07-23 20:19:49 - [TEST_STEP][PASSED] - click(findTestObject("Object Repository/Page_OrangeHRM/input_Password_Submit")): Object: 'Object Repository/Page_OrangeHRM/input_Password_Submit' is clicked on&#xD;
&#xD;
2019-07-23 20:19:50 - [MESSAGE][PASSED] - Object: 'Object Repository/Page_OrangeHRM/input_Password_Submit' is clicked on&#xD;
&#xD;
2019-07-23 20:19:50 - [TEST_STEP][PASSED] - click(findTestObject("Object Repository/Page_OrangeHRM/b_Performance")): Object: 'Object Repository/Page_OrangeHRM/b_Performance' is clicked on&#xD;
&#xD;
2019-07-23 20:19:50 - [MESSAGE][PASSED] - Object: 'Object Repository/Page_OrangeHRM/b_Performance' is clicked on&#xD;
&#xD;
2019-07-23 20:19:50 - [TEST_STEP][PASSED] - click(findTestObject("Object Repository/Page_OrangeHRM/b_Time")): Object: 'Object Repository/Page_OrangeHRM/b_Time' is clicked on&#xD;
&#xD;
2019-07-23 20:19:51 - [MESSAGE][PASSED] - Object: 'Object Repository/Page_OrangeHRM/b_Time' is clicked on&#xD;
&#xD;
2019-07-23 20:19:51 - [TEST_STEP][PASSED] - click(findTestObject("Object Repository/Page_OrangeHRM/a_Welcome Admin")): Object: 'Object Repository/Page_OrangeHRM/a_Welcome Admin' is clicked on&#xD;
&#xD;
2019-07-23 20:19:51 - [MESSAGE][PASSED] - Object: 'Object Repository/Page_OrangeHRM/a_Welcome Admin' is clicked on&#xD;
&#xD;
2019-07-23 20:19:51 - [TEST_STEP][PASSED] - waitForElementPresent(findTestObject("Page_OrangeHRM/a_Logout"), 5): Object 'Object Repository/Page_OrangeHRM/a_Logout' is present&#xD;
&#xD;
2019-07-23 20:19:51 - [MESSAGE][PASSED] - Object 'Object Repository/Page_OrangeHRM/a_Logout' is present&#xD;
&#xD;
2019-07-23 20:19:51 - [TEST_STEP][PASSED] - click(findTestObject("Object Repository/Page_OrangeHRM/a_Logout")): Object: 'Object Repository/Page_OrangeHRM/a_Logout' is clicked on&#xD;
&#xD;
2019-07-23 20:19:52 - [MESSAGE][PASSED] - Object: 'Object Repository/Page_OrangeHRM/a_Logout' is clicked on&#xD;
&#xD;
2019-07-23 20:19:52 - [TEST_STEP][PASSED] - closeBrowser(): Browser is closed&#xD;
&#xD;
2019-07-23 20:19:52 - [MESSAGE][PASSED] - Browser is closed</system-out>
            <system-err></system-err>
        </testcase>
        <system-out>2019-07-23 20:19:42 - [TEST_SUITE][INCOMPLETE] - TestSuite1: null</system-out>
        <system-err>2019-07-23 20:19:42 - [TEST_SUITE][INCOMPLETE] - TestSuite1: null</system-err>
    </testsuite>
</testsuites>
